<?xml version="1.0" encoding="UTF-8"?>
<!-- Generated by org.testng.reporters.JUnitReportReporter -->
<testsuite skipped="0" hostname="HP-HOME" name="com.example.tests.DummyClass" tests="2" failures="0" timestamp="22 Jun 2017 07:33:35 GMT" time="0.031" errors="0">
  <testcase name="methodTest2" time="0.001" classname="com.example.tests.DummyClass"/>
  <testcase name="methodTest" time="0.030" classname="com.example.tests.DummyClass"/>
</testsuite> <!-- com.example.tests.DummyClass -->
