<?xml version="1.0" encoding="UTF-8"?>
<!-- Generated by org.testng.reporters.JUnitReportReporter -->
<testsuite skipped="0" hostname="HP-HOME" name="com.example.tests.FirstTestNG" tests="1" failures="0" timestamp="22 Jun 2017 07:35:25 GMT" time="0.005" errors="0">
  <testcase name="firstTestNG" time="0.005" classname="com.example.tests.FirstTestNG"/>
</testsuite> <!-- com.example.tests.FirstTestNG -->
