<?xml version="1.0" encoding="UTF-8"?>
<!-- Generated by org.testng.reporters.JUnitReportReporter -->
<testsuite skipped="0" hostname="DESKTOP-LHF90BD" name="TestNG.TestDependencyUsingFacebook" tests="2" failures="0" timestamp="06 Jul 2017 05:52:46 GMT" time="18.358" errors="0">
  <testcase name="openBrowser" time="9.593" classname="TestNG.TestDependencyUsingFacebook"/>
  <testcase name="loginToFacebook" time="8.765" classname="TestNG.TestDependencyUsingFacebook"/>
</testsuite> <!-- TestNG.TestDependencyUsingFacebook -->
