<?xml version="1.0" encoding="UTF-8"?>
<!-- Generated by org.testng.reporters.JUnitReportReporter -->
<testsuite skipped="0" hostname="HP-HOME" name="TestNG.TestAnnotations" tests="2" failures="0" timestamp="07 Jul 2017 07:41:24 GMT" time="0.005" errors="0">
  <testcase name="f2" time="0.000" classname="TestNG.TestAnnotations"/>
  <testcase name="f1" time="0.005" classname="TestNG.TestAnnotations"/>
</testsuite> <!-- TestNG.TestAnnotations -->
