<?xml version="1.0" encoding="UTF-8"?>
<!-- Generated by org.testng.reporters.JUnitReportReporter -->
<testsuite skipped="0" hostname="HP-HOME" name="TestNG.TestDependencyUsingFacebook" tests="2" failures="0" timestamp="07 Jul 2017 07:46:25 GMT" time="5.785" errors="0">
  <testcase name="openBrowser" time="4.471" classname="TestNG.TestDependencyUsingFacebook"/>
  <testcase name="loginToFacebook" time="1.314" classname="TestNG.TestDependencyUsingFacebook"/>
</testsuite> <!-- TestNG.TestDependencyUsingFacebook -->
