<?xml version="1.0" encoding="UTF-8"?>
<!-- Generated by org.testng.reporters.JUnitReportReporter -->
<testsuite skipped="0" hostname="HP-HOME" name="TestNG.TestNGAssertions" tests="3" failures="0" timestamp="11 Jul 2017 05:45:02 GMT" time="0.006" errors="0">
  <testcase name="AfterTest" time="0.001" classname="TestNG.TestNGAssertions"/>
  <testcase name="testEquality" time="0.000" classname="TestNG.TestNGAssertions"/>
  <testcase name="getTitle" time="0.005" classname="TestNG.TestNGAssertions"/>
</testsuite> <!-- TestNG.TestNGAssertions -->
