<?xml version="1.0" encoding="UTF-8"?>
<!-- Generated by org.testng.reporters.JUnitReportReporter -->
<testsuite skipped="0" hostname="DESKTOP-LHF90BD" name="TestNG.TestAnnotations" tests="2" failures="0" timestamp="06 Jul 2017 06:20:38 GMT" time="0.005" errors="0">
  <testcase name="f1" time="0.004" classname="TestNG.TestAnnotations"/>
  <testcase name="f2" time="0.001" classname="TestNG.TestAnnotations"/>
</testsuite> <!-- TestNG.TestAnnotations -->
