<?xml version="1.0" encoding="UTF-8"?>
<!-- Generated by org.testng.reporters.JUnitReportReporter -->
<testsuite skipped="1" hostname="DESKTOP-LHF90BD" name="TestNG.TestTestNGAttributes" tests="2" failures="0" timestamp="06 Jul 2017 05:40:10 GMT" time="0.007" errors="0">
  <testcase name="d" time="0.007" classname="TestNG.TestTestNGAttributes"/>
  <testcase name="o" classname="TestNG.TestTestNGAttributes">
    <skipped/>
  </testcase> <!-- o -->
</testsuite> <!-- TestNG.TestTestNGAttributes -->
