<?xml version="1.0" encoding="UTF-8"?>
<!-- Generated by org.testng.reporters.JUnitReportReporter -->
<testsuite skipped="0" hostname="DESKTOP-LHF90BD" name="TestNG.TestGroupingNew" tests="3" failures="0" timestamp="06 Jul 2017 06:32:35 GMT" time="0.003" errors="0">
  <testcase name="m3" time="0.001" classname="TestNG.TestGroupingNew"/>
  <testcase name="m4" time="0.001" classname="TestNG.TestGroupingNew"/>
  <testcase name="m2" time="0.001" classname="TestNG.TestGroupingNew"/>
</testsuite> <!-- TestNG.TestGroupingNew -->
