<?xml version="1.0" encoding="UTF-8"?>
<!-- Generated by org.testng.reporters.JUnitReportReporter -->
<testsuite skipped="0" hostname="DESKTOP-LHF90BD" name="TestNG.TestGrouping" tests="3" failures="0" timestamp="06 Jul 2017 06:32:35 GMT" time="0.008" errors="0">
  <testcase name="f1" time="0.007" classname="TestNG.TestGrouping"/>
  <testcase name="f6" time="0.001" classname="TestNG.TestGrouping"/>
  <testcase name="f4" time="0.000" classname="TestNG.TestGrouping"/>
</testsuite> <!-- TestNG.TestGrouping -->
