<?xml version="1.0" encoding="UTF-8"?>
<!-- Generated by org.testng.reporters.JUnitReportReporter -->
<testsuite skipped="0" hostname="HP-HOME" name="TestNG.TestDependencyUsingFacebook" tests="2" failures="0" timestamp="11 Jul 2017 05:45:02 GMT" time="5.640" errors="0">
  <testcase name="openBrowser" time="4.414" classname="TestNG.TestDependencyUsingFacebook"/>
  <testcase name="loginToFacebook" time="1.226" classname="TestNG.TestDependencyUsingFacebook"/>
</testsuite> <!-- TestNG.TestDependencyUsingFacebook -->
